{"/Users/ellj/TicTacToe/TicTacToe/app.js": {"path":"/Users/ellj/TicTacToe/TicTacToe/app.js","statementMap":{"0":{"start":{"line":1,"column":16},"end":{"line":1,"column":34}},"1":{"start":{"line":2,"column":12},"end":{"line":2,"column":21}},"2":{"start":{"line":3,"column":12},"end":{"line":3,"column":39}},"3":{"start":{"line":4,"column":13},"end":{"line":4,"column":28}},"4":{"start":{"line":7,"column":0},"end":{"line":7,"column":21}},"5":{"start":{"line":10,"column":0},"end":{"line":10,"column":60}},"6":{"start":{"line":12,"column":0},"end":{"line":16,"column":3}},"7":{"start":{"line":13,"column":4},"end":{"line":15,"column":7}},"8":{"start":{"line":19,"column":0},"end":{"line":19,"column":26}},"9":{"start":{"line":21,"column":0},"end":{"line":21,"column":21}}},"fnMap":{"0":{"name":"(anonymous_0)","decl":{"start":{"line":12,"column":13},"end":{"line":12,"column":14}},"loc":{"start":{"line":12,"column":27},"end":{"line":16,"column":1}},"line":12}},"branchMap":{},"s":{"0":1,"1":1,"2":1,"3":1,"4":1,"5":1,"6":1,"7":1,"8":1,"9":1},"f":{"0":1},"b":{},"_coverageSchema":"332fd63041d2c1bcb487cc26dd0d5f7d97098a6c","hash":"f43d2fcdb5b70683de2230d8e8647ba5805bb72a"}
,"/Users/ellj/TicTacToe/TicTacToe/src/logic/Board.js": {"path":"/Users/ellj/TicTacToe/TicTacToe/src/logic/Board.js","statementMap":{"0":{"start":{"line":4,"column":23},"end":{"line":4,"column":26}},"1":{"start":{"line":5,"column":23},"end":{"line":5,"column":26}},"2":{"start":{"line":10,"column":4},"end":{"line":10,"column":16}},"3":{"start":{"line":15,"column":4},"end":{"line":22,"column":7}},"4":{"start":{"line":18,"column":6},"end":{"line":21,"column":9}},"5":{"start":{"line":20,"column":8},"end":{"line":20,"column":47}},"6":{"start":{"line":20,"column":21},"end":{"line":20,"column":47}},"7":{"start":{"line":26,"column":4},"end":{"line":30,"column":6}},"8":{"start":{"line":31,"column":4},"end":{"line":33,"column":7}},"9":{"start":{"line":32,"column":6},"end":{"line":32,"column":69}},"10":{"start":{"line":34,"column":4},"end":{"line":40,"column":7}},"11":{"start":{"line":39,"column":8},"end":{"line":39,"column":20}},"12":{"start":{"line":46,"column":4},"end":{"line":48,"column":7}},"13":{"start":{"line":47,"column":6},"end":{"line":47,"column":59}},"14":{"start":{"line":52,"column":2},"end":{"line":52,"column":32}},"15":{"start":{"line":53,"column":14},"end":{"line":53,"column":61}},"16":{"start":{"line":54,"column":2},"end":{"line":54,"column":67}},"17":{"start":{"line":55,"column":2},"end":{"line":55,"column":30}},"18":{"start":{"line":60,"column":15},"end":{"line":60,"column":19}},"19":{"start":{"line":61,"column":18},"end":{"line":61,"column":22}},"20":{"start":{"line":62,"column":27},"end":{"line":62,"column":31}},"21":{"start":{"line":63,"column":28},"end":{"line":63,"column":32}},"22":{"start":{"line":64,"column":19},"end":{"line":64,"column":57}},"23":{"start":{"line":67,"column":4},"end":{"line":75,"column":5}},"24":{"start":{"line":68,"column":6},"end":{"line":70,"column":7}},"25":{"start":{"line":69,"column":8},"end":{"line":69,"column":23}},"26":{"start":{"line":72,"column":6},"end":{"line":74,"column":7}},"27":{"start":{"line":73,"column":8},"end":{"line":73,"column":26}},"28":{"start":{"line":78,"column":4},"end":{"line":90,"column":5}},"29":{"start":{"line":79,"column":6},"end":{"line":86,"column":7}},"30":{"start":{"line":80,"column":8},"end":{"line":82,"column":9}},"31":{"start":{"line":81,"column":10},"end":{"line":81,"column":37}},"32":{"start":{"line":83,"column":8},"end":{"line":85,"column":9}},"33":{"start":{"line":84,"column":10},"end":{"line":84,"column":38}},"34":{"start":{"line":88,"column":6},"end":{"line":88,"column":33}},"35":{"start":{"line":89,"column":6},"end":{"line":89,"column":34}},"36":{"start":{"line":93,"column":4},"end":{"line":93,"column":76}},"37":{"start":{"line":97,"column":4},"end":{"line":97,"column":43}}},"fnMap":{"0":{"name":"(anonymous_0)","decl":{"start":{"line":9,"column":2},"end":{"line":9,"column":3}},"loc":{"start":{"line":9,"column":16},"end":{"line":11,"column":3}},"line":9},"1":{"name":"(anonymous_1)","decl":{"start":{"line":13,"column":2},"end":{"line":13,"column":3}},"loc":{"start":{"line":13,"column":21},"end":{"line":23,"column":3}},"line":13},"2":{"name":"(anonymous_2)","decl":{"start":{"line":15,"column":26},"end":{"line":15,"column":27}},"loc":{"start":{"line":15,"column":40},"end":{"line":22,"column":5}},"line":15},"3":{"name":"(anonymous_3)","decl":{"start":{"line":18,"column":21},"end":{"line":18,"column":22}},"loc":{"start":{"line":18,"column":37},"end":{"line":21,"column":7}},"line":18},"4":{"name":"(anonymous_4)","decl":{"start":{"line":25,"column":2},"end":{"line":25,"column":3}},"loc":{"start":{"line":25,"column":10},"end":{"line":43,"column":3}},"line":25},"5":{"name":"(anonymous_5)","decl":{"start":{"line":31,"column":18},"end":{"line":31,"column":19}},"loc":{"start":{"line":31,"column":39},"end":{"line":33,"column":5}},"line":31},"6":{"name":"(anonymous_6)","decl":{"start":{"line":45,"column":2},"end":{"line":45,"column":3}},"loc":{"start":{"line":45,"column":12},"end":{"line":49,"column":3}},"line":45},"7":{"name":"(anonymous_7)","decl":{"start":{"line":46,"column":18},"end":{"line":46,"column":19}},"loc":{"start":{"line":46,"column":39},"end":{"line":48,"column":5}},"line":46},"8":{"name":"(anonymous_8)","decl":{"start":{"line":51,"column":2},"end":{"line":51,"column":3}},"loc":{"start":{"line":51,"column":24},"end":{"line":56,"column":3}},"line":51},"9":{"name":"(anonymous_9)","decl":{"start":{"line":58,"column":2},"end":{"line":58,"column":3}},"loc":{"start":{"line":58,"column":31},"end":{"line":94,"column":3}},"line":58},"10":{"name":"(anonymous_10)","decl":{"start":{"line":96,"column":2},"end":{"line":96,"column":3}},"loc":{"start":{"line":96,"column":12},"end":{"line":99,"column":3}},"line":96}},"branchMap":{"0":{"loc":{"start":{"line":20,"column":8},"end":{"line":20,"column":47}},"type":"if","locations":[{"start":{"line":20,"column":8},"end":{"line":20,"column":47}},{"start":{"line":20,"column":8},"end":{"line":20,"column":47}}],"line":20},"1":{"loc":{"start":{"line":34,"column":4},"end":{"line":40,"column":7}},"type":"if","locations":[{"start":{"line":34,"column":4},"end":{"line":40,"column":7}},{"start":{"line":34,"column":4},"end":{"line":40,"column":7}}],"line":34},"2":{"loc":{"start":{"line":53,"column":14},"end":{"line":53,"column":61}},"type":"cond-expr","locations":[{"start":{"line":53,"column":30},"end":{"line":53,"column":44}},{"start":{"line":53,"column":47},"end":{"line":53,"column":61}}],"line":53},"3":{"loc":{"start":{"line":64,"column":19},"end":{"line":64,"column":57}},"type":"binary-expr","locations":[{"start":{"line":64,"column":20},"end":{"line":64,"column":31}},{"start":{"line":64,"column":37},"end":{"line":64,"column":56}}],"line":64},"4":{"loc":{"start":{"line":68,"column":6},"end":{"line":70,"column":7}},"type":"if","locations":[{"start":{"line":68,"column":6},"end":{"line":70,"column":7}},{"start":{"line":68,"column":6},"end":{"line":70,"column":7}}],"line":68},"5":{"loc":{"start":{"line":72,"column":6},"end":{"line":74,"column":7}},"type":"if","locations":[{"start":{"line":72,"column":6},"end":{"line":74,"column":7}},{"start":{"line":72,"column":6},"end":{"line":74,"column":7}}],"line":72},"6":{"loc":{"start":{"line":78,"column":4},"end":{"line":90,"column":5}},"type":"if","locations":[{"start":{"line":78,"column":4},"end":{"line":90,"column":5}},{"start":{"line":78,"column":4},"end":{"line":90,"column":5}}],"line":78},"7":{"loc":{"start":{"line":80,"column":8},"end":{"line":82,"column":9}},"type":"if","locations":[{"start":{"line":80,"column":8},"end":{"line":82,"column":9}},{"start":{"line":80,"column":8},"end":{"line":82,"column":9}}],"line":80},"8":{"loc":{"start":{"line":83,"column":8},"end":{"line":85,"column":9}},"type":"if","locations":[{"start":{"line":83,"column":8},"end":{"line":85,"column":9}},{"start":{"line":83,"column":8},"end":{"line":85,"column":9}}],"line":83},"9":{"loc":{"start":{"line":93,"column":11},"end":{"line":93,"column":75}},"type":"binary-expr","locations":[{"start":{"line":93,"column":11},"end":{"line":93,"column":17}},{"start":{"line":93,"column":21},"end":{"line":93,"column":30}},{"start":{"line":93,"column":34},"end":{"line":93,"column":52}},{"start":{"line":93,"column":56},"end":{"line":93,"column":75}}],"line":93}},"s":{"0":1,"1":1,"2":2,"3":5,"4":15,"5":45,"6":36,"7":3,"8":3,"9":27,"10":3,"11":3,"12":1,"13":9,"14":1,"15":1,"16":1,"17":1,"18":1,"19":1,"20":1,"21":1,"22":1,"23":1,"24":3,"25":2,"26":3,"27":2,"28":1,"29":0,"30":0,"31":0,"32":0,"33":0,"34":1,"35":1,"36":1,"37":1},"f":{"0":2,"1":5,"2":15,"3":45,"4":3,"5":27,"6":1,"7":9,"8":1,"9":1,"10":1},"b":{"0":[36,9],"1":[3,0],"2":[1,0],"3":[1,1],"4":[2,1],"5":[2,1],"6":[0,1],"7":[0,0],"8":[0,0],"9":[1,1,1,1]},"_coverageSchema":"332fd63041d2c1bcb487cc26dd0d5f7d97098a6c","hash":"aa433d9e42f5b801e3a88ae3ea5d4bfb682dd9fc"}
,"/Users/ellj/TicTacToe/TicTacToe/src/logic/Player.js": {"path":"/Users/ellj/TicTacToe/TicTacToe/src/logic/Player.js","statementMap":{"0":{"start":{"line":4,"column":9},"end":{"line":4,"column":10}},"1":{"start":{"line":8,"column":8},"end":{"line":8,"column":13}},"2":{"start":{"line":9,"column":8},"end":{"line":9,"column":21}},"3":{"start":{"line":10,"column":8},"end":{"line":10,"column":70}},"4":{"start":{"line":11,"column":8},"end":{"line":11,"column":43}},"5":{"start":{"line":12,"column":8},"end":{"line":12,"column":47}},"6":{"start":{"line":13,"column":8},"end":{"line":13,"column":23}},"7":{"start":{"line":14,"column":8},"end":{"line":14,"column":25}},"8":{"start":{"line":18,"column":8},"end":{"line":23,"column":9}},"9":{"start":{"line":19,"column":10},"end":{"line":19,"column":26}},"10":{"start":{"line":20,"column":10},"end":{"line":20,"column":62}},"11":{"start":{"line":22,"column":10},"end":{"line":22,"column":28}},"12":{"start":{"line":27,"column":6},"end":{"line":27,"column":24}},"13":{"start":{"line":31,"column":6},"end":{"line":31,"column":26}},"14":{"start":{"line":35,"column":6},"end":{"line":35,"column":39}}},"fnMap":{"0":{"name":"(anonymous_0)","decl":{"start":{"line":7,"column":4},"end":{"line":7,"column":5}},"loc":{"start":{"line":7,"column":22},"end":{"line":15,"column":5}},"line":7},"1":{"name":"(anonymous_1)","decl":{"start":{"line":17,"column":4},"end":{"line":17,"column":5}},"loc":{"start":{"line":17,"column":23},"end":{"line":24,"column":7}},"line":17},"2":{"name":"(anonymous_2)","decl":{"start":{"line":26,"column":4},"end":{"line":26,"column":5}},"loc":{"start":{"line":26,"column":15},"end":{"line":28,"column":5}},"line":26},"3":{"name":"(anonymous_3)","decl":{"start":{"line":30,"column":4},"end":{"line":30,"column":5}},"loc":{"start":{"line":30,"column":17},"end":{"line":32,"column":5}},"line":30},"4":{"name":"(anonymous_4)","decl":{"start":{"line":34,"column":4},"end":{"line":34,"column":5}},"loc":{"start":{"line":34,"column":16},"end":{"line":36,"column":5}},"line":34}},"branchMap":{"0":{"loc":{"start":{"line":10,"column":20},"end":{"line":10,"column":69}},"type":"cond-expr","locations":[{"start":{"line":10,"column":48},"end":{"line":10,"column":52}},{"start":{"line":10,"column":55},"end":{"line":10,"column":69}}],"line":10},"1":{"loc":{"start":{"line":10,"column":21},"end":{"line":10,"column":44}},"type":"binary-expr","locations":[{"start":{"line":10,"column":21},"end":{"line":10,"column":25}},{"start":{"line":10,"column":29},"end":{"line":10,"column":44}}],"line":10},"2":{"loc":{"start":{"line":18,"column":8},"end":{"line":23,"column":9}},"type":"if","locations":[{"start":{"line":18,"column":8},"end":{"line":23,"column":9}},{"start":{"line":18,"column":8},"end":{"line":23,"column":9}}],"line":18}},"s":{"0":1,"1":1,"2":1,"3":1,"4":1,"5":1,"6":1,"7":1,"8":1,"9":0,"10":0,"11":1,"12":0,"13":0,"14":0},"f":{"0":1,"1":1,"2":0,"3":0,"4":0},"b":{"0":[0,1],"1":[1,0],"2":[0,1]},"_coverageSchema":"332fd63041d2c1bcb487cc26dd0d5f7d97098a6c","hash":"fb7e559723bedab255d44836c79910fa25bde229"}
,"/Users/ellj/TicTacToe/TicTacToe/src/logic/tictactoe.js": {"path":"/Users/ellj/TicTacToe/TicTacToe/src/logic/tictactoe.js","statementMap":{"0":{"start":{"line":2,"column":12},"end":{"line":2,"column":48}},"1":{"start":{"line":3,"column":20},"end":{"line":3,"column":23}},"2":{"start":{"line":5,"column":15},"end":{"line":5,"column":19}},"3":{"start":{"line":9,"column":4},"end":{"line":15,"column":5}},"4":{"start":{"line":10,"column":8},"end":{"line":10,"column":27}},"5":{"start":{"line":14,"column":8},"end":{"line":14,"column":27}},"6":{"start":{"line":16,"column":4},"end":{"line":16,"column":25}},"7":{"start":{"line":19,"column":4},"end":{"line":22,"column":5}},"8":{"start":{"line":20,"column":8},"end":{"line":20,"column":30}},"9":{"start":{"line":21,"column":8},"end":{"line":21,"column":31}},"10":{"start":{"line":23,"column":4},"end":{"line":23,"column":17}},"11":{"start":{"line":26,"column":0},"end":{"line":29,"column":1}}},"fnMap":{"0":{"name":"tictactoe","decl":{"start":{"line":7,"column":9},"end":{"line":7,"column":18}},"loc":{"start":{"line":8,"column":0},"end":{"line":17,"column":1}},"line":8},"1":{"name":"checkWinner","decl":{"start":{"line":18,"column":9},"end":{"line":18,"column":20}},"loc":{"start":{"line":18,"column":31},"end":{"line":24,"column":1}},"line":18}},"branchMap":{"0":{"loc":{"start":{"line":9,"column":4},"end":{"line":15,"column":5}},"type":"if","locations":[{"start":{"line":9,"column":4},"end":{"line":15,"column":5}},{"start":{"line":9,"column":4},"end":{"line":15,"column":5}}],"line":9},"1":{"loc":{"start":{"line":19,"column":4},"end":{"line":22,"column":5}},"type":"if","locations":[{"start":{"line":19,"column":4},"end":{"line":22,"column":5}},{"start":{"line":19,"column":4},"end":{"line":22,"column":5}}],"line":19},"2":{"loc":{"start":{"line":19,"column":8},"end":{"line":19,"column":91}},"type":"binary-expr","locations":[{"start":{"line":19,"column":8},"end":{"line":19,"column":33}},{"start":{"line":19,"column":37},"end":{"line":19,"column":62}},{"start":{"line":19,"column":66},"end":{"line":19,"column":91}}],"line":19}},"s":{"0":2,"1":2,"2":2,"3":1,"4":1,"5":0,"6":1,"7":1,"8":0,"9":0,"10":1,"11":2},"f":{"0":1,"1":1},"b":{"0":[1,0],"1":[0,1],"2":[1,0,0]},"_coverageSchema":"332fd63041d2c1bcb487cc26dd0d5f7d97098a6c","hash":"c034dcaab309649c4ecfdbd90fcf0fb92ac6ff33"}
,"/Users/ellj/TicTacToe/TicTacToe/src/server/api.js": {"path":"/Users/ellj/TicTacToe/TicTacToe/src/server/api.js","statementMap":{"0":{"start":{"line":1,"column":16},"end":{"line":1,"column":34}},"1":{"start":{"line":2,"column":15},"end":{"line":2,"column":31}},"2":{"start":{"line":3,"column":18},"end":{"line":3,"column":47}},"3":{"start":{"line":5,"column":0},"end":{"line":10,"column":3}},"4":{"start":{"line":6,"column":4},"end":{"line":6,"column":20}},"5":{"start":{"line":7,"column":4},"end":{"line":9,"column":7}},"6":{"start":{"line":12,"column":0},"end":{"line":12,"column":24}}},"fnMap":{"0":{"name":"(anonymous_0)","decl":{"start":{"line":5,"column":31},"end":{"line":5,"column":32}},"loc":{"start":{"line":5,"column":51},"end":{"line":10,"column":1}},"line":5}},"branchMap":{},"s":{"0":1,"1":1,"2":1,"3":1,"4":0,"5":0,"6":1},"f":{"0":0},"b":{},"_coverageSchema":"332fd63041d2c1bcb487cc26dd0d5f7d97098a6c","hash":"8d8d016f1f4494b067bf7172ee66415f3ed3bcb3"}
}
