TN:
SF:/Users/ellj/TicTacToe/TicTacToe/app.js
FN:12,(anonymous_0)
FNF:1
FNH:1
FNDA:1,(anonymous_0)
DA:1,1
DA:2,1
DA:3,1
DA:4,1
DA:7,1
DA:10,1
DA:12,1
DA:13,1
DA:19,1
DA:21,1
LF:10
LH:10
BRF:0
BRH:0
end_of_record
TN:
SF:/Users/ellj/TicTacToe/TicTacToe/src/logic/Board.js
FN:9,(anonymous_0)
FN:13,(anonymous_1)
FN:15,(anonymous_2)
FN:18,(anonymous_3)
FN:25,(anonymous_4)
FN:31,(anonymous_5)
FN:45,(anonymous_6)
FN:46,(anonymous_7)
FN:51,(anonymous_8)
FN:58,(anonymous_9)
FN:96,(anonymous_10)
FNF:11
FNH:11
FNDA:2,(anonymous_0)
FNDA:5,(anonymous_1)
FNDA:15,(anonymous_2)
FNDA:45,(anonymous_3)
FNDA:3,(anonymous_4)
FNDA:27,(anonymous_5)
FNDA:1,(anonymous_6)
FNDA:9,(anonymous_7)
FNDA:1,(anonymous_8)
FNDA:1,(anonymous_9)
FNDA:1,(anonymous_10)
DA:4,1
DA:5,1
DA:10,2
DA:15,5
DA:18,15
DA:20,45
DA:26,3
DA:31,3
DA:32,27
DA:34,3
DA:39,3
DA:46,1
DA:47,9
DA:52,1
DA:53,1
DA:54,1
DA:55,1
DA:60,1
DA:61,1
DA:62,1
DA:63,1
DA:64,1
DA:67,1
DA:68,3
DA:69,2
DA:72,3
DA:73,2
DA:78,1
DA:79,0
DA:80,0
DA:81,0
DA:83,0
DA:84,0
DA:88,1
DA:89,1
DA:93,1
DA:97,1
LF:37
LH:32
BRDA:20,0,0,36
BRDA:20,0,1,9
BRDA:34,1,0,3
BRDA:34,1,1,0
BRDA:53,2,0,1
BRDA:53,2,1,0
BRDA:64,3,0,1
BRDA:64,3,1,1
BRDA:68,4,0,2
BRDA:68,4,1,1
BRDA:72,5,0,2
BRDA:72,5,1,1
BRDA:78,6,0,0
BRDA:78,6,1,1
BRDA:80,7,0,0
BRDA:80,7,1,0
BRDA:83,8,0,0
BRDA:83,8,1,0
BRDA:93,9,0,1
BRDA:93,9,1,1
BRDA:93,9,2,1
BRDA:93,9,3,1
BRF:22
BRH:15
end_of_record
TN:
SF:/Users/ellj/TicTacToe/TicTacToe/src/logic/Player.js
FN:7,(anonymous_0)
FN:17,(anonymous_1)
FN:26,(anonymous_2)
FN:30,(anonymous_3)
FN:34,(anonymous_4)
FNF:5
FNH:2
FNDA:1,(anonymous_0)
FNDA:1,(anonymous_1)
FNDA:0,(anonymous_2)
FNDA:0,(anonymous_3)
FNDA:0,(anonymous_4)
DA:4,1
DA:8,1
DA:9,1
DA:10,1
DA:11,1
DA:12,1
DA:13,1
DA:14,1
DA:18,1
DA:19,0
DA:20,0
DA:22,1
DA:27,0
DA:31,0
DA:35,0
LF:15
LH:10
BRDA:10,0,0,0
BRDA:10,0,1,1
BRDA:10,1,0,1
BRDA:10,1,1,0
BRDA:18,2,0,0
BRDA:18,2,1,1
BRF:6
BRH:3
end_of_record
TN:
SF:/Users/ellj/TicTacToe/TicTacToe/src/logic/tictactoe.js
FN:7,tictactoe
FN:18,checkWinner
FNF:2
FNH:2
FNDA:1,tictactoe
FNDA:1,checkWinner
DA:2,2
DA:3,2
DA:5,2
DA:9,1
DA:10,1
DA:14,0
DA:16,1
DA:19,1
DA:20,0
DA:21,0
DA:23,1
DA:26,2
LF:12
LH:9
BRDA:9,0,0,1
BRDA:9,0,1,0
BRDA:19,1,0,0
BRDA:19,1,1,1
BRDA:19,2,0,1
BRDA:19,2,1,0
BRDA:19,2,2,0
BRF:7
BRH:3
end_of_record
TN:
SF:/Users/ellj/TicTacToe/TicTacToe/src/server/api.js
FN:5,(anonymous_0)
FNF:1
FNH:0
FNDA:0,(anonymous_0)
DA:1,1
DA:2,1
DA:3,1
DA:5,1
DA:6,0
DA:7,0
DA:12,1
LF:7
LH:5
BRF:0
BRH:0
end_of_record
